<?xml version="1.0" encoding="UTF-8"?>
<testsuite name="eventregistration.LibraryTest" tests="1" skipped="0" failures="0" errors="0" timestamp="2020-02-10T18:06:26" hostname="DESKTOP-4G2A5B8" time="0.002">
  <properties/>
  <testcase name="testSomeLibraryMethod" classname="eventregistration.LibraryTest" time="0.002"/>
  <system-out><![CDATA[]]></system-out>
  <system-err><![CDATA[]]></system-err>
</testsuite>
